2022-11-09T19:38:17.804435Z 0 [System] [MY-013169] [Server] /usr/sbin/mysqld (mysqld 8.0.31) initializing of server in progress as process 10786
2022-11-09T19:38:17.812501Z 1 [System] [MY-013576] [InnoDB] InnoDB initialization has started.
2022-11-09T19:38:18.681436Z 1 [System] [MY-013577] [InnoDB] InnoDB initialization has ended.
2022-11-09T19:38:20.685122Z 6 [Warning] [MY-010453] [Server] root@localhost is created with an empty password ! Please consider switching off the --initialize-insecure option.
2022-11-09T19:38:25.933306Z 0 [System] [MY-010116] [Server] /usr/sbin/mysqld (mysqld 8.0.31) starting as process 10835
2022-11-09T19:38:25.948994Z 1 [System] [MY-013576] [InnoDB] InnoDB initialization has started.
2022-11-09T19:38:26.295679Z 1 [System] [MY-013577] [InnoDB] InnoDB initialization has ended.
2022-11-09T19:38:26.610690Z 0 [Warning] [MY-010068] [Server] CA certificate ca.pem is self signed.
2022-11-09T19:38:26.610745Z 0 [System] [MY-013602] [Server] Channel mysql_main configured to support TLS. Encrypted connections are now supported for this channel.
2022-11-09T19:38:26.613154Z 0 [Warning] [MY-011810] [Server] Insecure configuration for --pid-file: Location '/tmp' in the path is accessible to all OS users. Consider choosing a different directory.
2022-11-09T19:38:26.648779Z 7 [System] [MY-013172] [Server] Received SHUTDOWN from user boot. Shutting down mysqld (Version: 8.0.31).
2022-11-09T19:38:26.650000Z 0 [System] [MY-011323] [Server] X Plugin ready for connections. Bind-address: '::' port: 33060, socket: /var/run/mysqld/mysqlx.sock
2022-11-09T19:38:28.184214Z 0 [System] [MY-010910] [Server] /usr/sbin/mysqld: Shutdown complete (mysqld 8.0.31)  MySQL Community Server - GPL.
2022-11-09T19:38:28.994921Z 0 [System] [MY-010116] [Server] /usr/sbin/mysqld (mysqld 8.0.31) starting as process 10971
2022-11-09T19:38:29.003302Z 1 [System] [MY-013576] [InnoDB] InnoDB initialization has started.
2022-11-09T19:38:29.269635Z 1 [System] [MY-013577] [InnoDB] InnoDB initialization has ended.
2022-11-09T19:38:29.522757Z 0 [Warning] [MY-010068] [Server] CA certificate ca.pem is self signed.
2022-11-09T19:38:29.522808Z 0 [System] [MY-013602] [Server] Channel mysql_main configured to support TLS. Encrypted connections are now supported for this channel.
2022-11-09T19:38:29.558976Z 0 [System] [MY-011323] [Server] X Plugin ready for connections. Bind-address: '::' port: 33060, socket: /var/run/mysqld/mysqlx.sock
2022-11-09T19:38:29.559622Z 0 [System] [MY-010931] [Server] /usr/sbin/mysqld: ready for connections. Version: '8.0.31'  socket: '/var/run/mysqld/mysqld.sock'  port: 3306  MySQL Community Server - GPL.
